c:\users\teej\documents\data-structure-study\studying\linked-lists\main\main\debug\vc140.pdb
c:\users\teej\documents\data-structure-study\studying\linked-lists\main\main\debug\vc140.idb
c:\users\teej\documents\data-structure-study\studying\linked-lists\main\main\debug\main.nativecodeanalysis.xml
c:\users\teej\documents\data-structure-study\studying\linked-lists\main\main\debug\node.nativecodeanalysis.xml
c:\users\teej\documents\data-structure-study\studying\linked-lists\main\main\debug\singlylinked.nativecodeanalysis.xml
c:\users\teej\documents\data-structure-study\studying\linked-lists\main\main\debug\singlylinked.obj
c:\users\teej\documents\data-structure-study\studying\linked-lists\main\main\debug\node.obj
c:\users\teej\documents\data-structure-study\studying\linked-lists\main\main\debug\main.obj
c:\users\teej\documents\data-structure-study\studying\linked-lists\main\debug\main.ilk
c:\users\teej\documents\data-structure-study\studying\linked-lists\main\debug\main.exe
c:\users\teej\documents\data-structure-study\studying\linked-lists\main\debug\main.pdb
c:\users\teej\documents\data-structure-study\studying\linked-lists\main\main\debug\nativecodeanalysis.read.1.tlog
c:\users\teej\documents\data-structure-study\studying\linked-lists\main\main\debug\vc.nativecodeanalysis.all.xml
c:\users\teej\documents\data-structure-study\studying\linked-lists\main\debug\main.exe.lastcodeanalysissucceeded
c:\users\teej\documents\data-structure-study\studying\linked-lists\main\main\debug\main.tlog\cl.command.1.tlog
c:\users\teej\documents\data-structure-study\studying\linked-lists\main\main\debug\main.tlog\cl.read.1.tlog
c:\users\teej\documents\data-structure-study\studying\linked-lists\main\main\debug\main.tlog\cl.write.1.tlog
c:\users\teej\documents\data-structure-study\studying\linked-lists\main\main\debug\main.tlog\link.command.1.tlog
c:\users\teej\documents\data-structure-study\studying\linked-lists\main\main\debug\main.tlog\link.read.1.tlog
c:\users\teej\documents\data-structure-study\studying\linked-lists\main\main\debug\main.tlog\link.write.1.tlog
